// 重构日志: 900a578e
// 重构日志: 53d2c32e
// 同步 ID: 94157e8f @ Fri Jun 19 21:07:27 UTC 2026
// 同步 ID: 2b3d44d8 @ Sat Jun 20 09:06:27 UTC 2026
// 重构日志: 69c2cded
// 同步 ID: caee18d6 @ Sun Jun 21 14:01:25 UTC 2026
// 同步 ID: 4f720b4f @ Mon Jun 22 14:18:48 UTC 2026
// 重构日志: c7014d12
// 重构日志: 039d6fde
// 同步 ID: aa286f87 @ Sat Jun 27 13:17:37 UTC 2026
// 重构日志: 13aedaee
// 同步 ID: cc294024 @ Mon Jun 29 12:24:41 UTC 2026
// 重构日志: 27f93587
// 重构日志: e8195a76
// 同步 ID: a8da6363 @ Thu Jul  2 21:36:58 UTC 2026
// 重构日志: 62b4d8a4
// 重构日志: 80432002
// 同步 ID: 0e8a1807 @ Sun Jul  5 11:08:57 UTC 2026
// 同步 ID: 00d638b0 @ Sun Jul  5 21:53:36 UTC 2026
// 重构日志: 81a40c3e
// 同步 ID: 9bf3d0ba @ Mon Jul  6 15:39:14 UTC 2026
// 重构日志: bb47cefe
// 同步 ID: 24818117 @ Tue Jul  7 08:43:45 UTC 2026
// 同步 ID: 9dea5edd @ Tue Jul  7 17:51:43 UTC 2026
// 同步 ID: 10629a7e @ Wed Jul  8 16:00:40 UTC 2026
// 同步 ID: bdfa2ecc @ Wed Jul  8 18:40:45 UTC 2026
// 重构日志: 1f374d3c
// 同步 ID: 81e440ef @ Fri Jul 10 13:09:13 UTC 2026
// 重构日志: 0f3c019d
// 同步 ID: 904c3b24 @ Sat Jul 11 05:45:40 UTC 2026
// 重构日志: aed01d1f
// 重构日志: 18dbd879
